[debug] [2017-07-07T00:03:42.291Z] ----------------------------------------------------------------------
[debug] [2017-07-07T00:03:42.296Z] Command:      /usr/local/bin/node /usr/local/bin/firebase deploy
[debug] [2017-07-07T00:03:42.297Z] CLI Version:  3.9.1
[debug] [2017-07-07T00:03:42.297Z] Platform:     darwin
[debug] [2017-07-07T00:03:42.297Z] Node Version: v8.1.2
[debug] [2017-07-07T00:03:42.298Z] Time:         Thu Jul 06 2017 19:03:42 GMT-0500 (CDT)
[debug] [2017-07-07T00:03:42.298Z] ----------------------------------------------------------------------
[debug] 
[debug] [2017-07-07T00:03:42.365Z] > command requires scopes: ["email","openid","https://www.googleapis.com/auth/cloudplatformprojects.readonly","https://www.googleapis.com/auth/firebase","https://www.googleapis.com/auth/cloud-platform"]
[debug] [2017-07-07T00:03:42.365Z] > authorizing via signed-in user
[debug] [2017-07-07T00:03:42.368Z] > refreshing access token with scopes: ["email","https://www.googleapis.com/auth/cloud-platform","https://www.googleapis.com/auth/cloudplatformprojects.readonly","https://www.googleapis.com/auth/firebase","openid"]
[debug] [2017-07-07T00:03:42.368Z] >>> HTTP REQUEST POST https://www.googleapis.com/oauth2/v3/token { refresh_token: '1/XZsRVJcb9AGt4DPA1kY7rTWdRT7pc3_uSz-vpVnYk71zR5bvmmTeZVFqpHzhmXKL',
  client_id: '563584335869-fgrhgmd47bqnekij5i8b5pr03ho849e6.apps.googleusercontent.com',
  client_secret: 'j9iVZfS8kkCEFUPaAeJV0sAi',
  grant_type: 'refresh_token',
  scope: 'email https://www.googleapis.com/auth/cloud-platform https://www.googleapis.com/auth/cloudplatformprojects.readonly https://www.googleapis.com/auth/firebase openid' } 
 Thu Jul 06 2017 19:03:42 GMT-0500 (CDT)
[debug] [2017-07-07T00:03:42.644Z] <<< HTTP RESPONSE 200
[debug] [2017-07-07T00:03:42.705Z] >>> HTTP REQUEST GET https://admin.firebase.com/v1/projects/june2017savvycoders-fa8b9  
 Thu Jul 06 2017 19:03:42 GMT-0500 (CDT)
[debug] [2017-07-07T00:03:43.077Z] <<< HTTP RESPONSE 200
[debug] [2017-07-07T00:03:43.078Z] >>> HTTP REQUEST GET https://admin.firebase.com/v1/database/june2017savvycoders-fa8b9/tokens  
 Thu Jul 06 2017 19:03:43 GMT-0500 (CDT)
[debug] [2017-07-07T00:03:43.477Z] <<< HTTP RESPONSE 200
[info] 
[info] === Deploying to 'june2017savvycoders-fa8b9'...
[info] 
[info] i  deploying hosting
[info] i  hosting: preparing . directory for upload...
[debug] [2017-07-07T00:03:49.650Z] >>> HTTP REQUEST PUT https://deploy.firebase.com/v1/hosting/june2017savvycoders-fa8b9/uploads/-KoPM-90tnQzfrCytI7z?fileCount=515&message=  
 Thu Jul 06 2017 19:03:49 GMT-0500 (CDT)
[debug] [2017-07-07T00:04:09.587Z] <<< HTTP RESPONSE 200
[debug] [2017-07-07T00:04:09.588Z] [hosting] .tgz uploaded successfully, waiting for extraction
